# JRE version: OpenJDK Runtime Environment Zulu13.44+13-CA (13.0.9+3) (build 13.0.9+3-MTS)
# Java VM: OpenJDK 64-Bit Server VM Zulu13.44+13-CA (13.0.9+3-MTS, mixed mode, tiered, compressed oops, g1 gc, bsd-aarch64)
Heap:
 garbage-first heap   total 137216K, used 66319K [0x00000006c0000000, 0x00000007c0000000)
  region size 1024K, 37 young (37888K), 8 survivors (8192K)
 Metaspace       used 71196K, capacity 72992K, committed 73296K, reserved 1112064K
  class space    used 9219K, capacity 9950K, committed 10048K, reserved 1048576K
GC Heap History (20 events):
Event: 1.439 GC heap before
{Heap before GC invocations=12 (full 0):
 garbage-first heap   total 186368K, used 113532K [0x00000006c0000000, 0x00000007c0000000)
  region size 1024K, 99 young (101376K), 7 survivors (7168K)
 Metaspace       used 30202K, capacity 30919K, committed 31152K, reserved 1077248K
  class space    used 3781K, capacity 4052K, committed 4096K, reserved 1048576K
}
Event: 1.443 GC heap after
{Heap after GC invocations=13 (full 0):
 garbage-first heap   total 186368K, used 20672K [0x00000006c0000000, 0x00000007c0000000)
  region size 1024K, 9 young (9216K), 9 survivors (9216K)
 Metaspace       used 30202K, capacity 30919K, committed 31152K, reserved 1077248K
  class space    used 3781K, capacity 4052K, committed 4096K, reserved 1048576K
}
Event: 1.716 GC heap before
{Heap before GC invocations=13 (full 0):
 garbage-first heap   total 186368K, used 123072K [0x00000006c0000000, 0x00000007c0000000)
  region size 1024K, 109 young (111616K), 9 survivors (9216K)
 Metaspace       used 33062K, capacity 33955K, committed 34224K, reserved 1079296K
  class space    used 4158K, capacity 4513K, committed 4608K, reserved 1048576K
}
Event: 1.719 GC heap after
{Heap after GC invocations=14 (full 0):
 garbage-first heap   total 186368K, used 23505K [0x00000006c0000000, 0x00000007c0000000)
  region size 1024K, 11 young (11264K), 11 survivors (11264K)
 Metaspace       used 33062K, capacity 33955K, committed 34224K, reserved 1079296K
  class space    used 4158K, capacity 4513K, committed 4608K, reserved 1048576K
}
Event: 1.816 GC heap before
{Heap before GC invocations=14 (full 0):
 garbage-first heap   total 186368K, used 45009K [0x00000006c0000000, 0x00000007c0000000)
  region size 1024K, 33 young (33792K), 11 survivors (11264K)
 Metaspace       used 34859K, capacity 35818K, committed 35920K, reserved 1081344K
  class space    used 4406K, capacity 4811K, committed 4864K, reserved 1048576K
}
Event: 1.819 GC heap after
{Heap after GC invocations=15 (full 0):
 garbage-first heap   total 186368K, used 22821K [0x00000006c0000000, 0x00000007c0000000)
  region size 1024K, 7 young (7168K), 7 survivors (7168K)
 Metaspace       used 34859K, capacity 35818K, committed 35920K, reserved 1081344K
  class space    used 4406K, capacity 4811K, committed 4864K, reserved 1048576K
}
Event: 2.007 GC heap before
{Heap before GC invocations=16 (full 0):
 garbage-first heap   total 86016K, used 66853K [0x00000006c0000000, 0x00000007c0000000)
  region size 1024K, 50 young (51200K), 7 survivors (7168K)
 Metaspace       used 38362K, capacity 39375K, committed 39632K, reserved 1083392K
  class space    used 5005K, capacity 5436K, committed 5504K, reserved 1048576K
}
Event: 2.014 GC heap after
{Heap after GC invocations=17 (full 0):
 garbage-first heap   total 115712K, used 24620K [0x00000006c0000000, 0x00000007c0000000)
  region size 1024K, 6 young (6144K), 6 survivors (6144K)
 Metaspace       used 38362K, capacity 39375K, committed 39632K, reserved 1083392K
  class space    used 5005K, capacity 5436K, committed 5504K, reserved 1048576K
}
Event: 2.190 GC heap before
{Heap before GC invocations=17 (full 0):
 garbage-first heap   total 115712K, used 82988K [0x00000006c0000000, 0x00000007c0000000)
  region size 1024K, 63 young (64512K), 6 survivors (6144K)
 Metaspace       used 41822K, capacity 43014K, committed 43216K, reserved 1087488K
  class space    used 5467K, capacity 5973K, committed 6016K, reserved 1048576K
}
Event: 2.196 GC heap after
{Heap after GC invocations=18 (full 0):
 garbage-first heap   total 115712K, used 26779K [0x00000006c0000000, 0x00000007c0000000)
  region size 1024K, 5 young (5120K), 5 survivors (5120K)
 Metaspace       used 41822K, capacity 43014K, committed 43216K, reserved 1087488K
  class space    used 5467K, capacity 5973K, committed 6016K, reserved 1048576K
}
Event: 2.431 GC heap before
{Heap before GC invocations=18 (full 0):
 garbage-first heap   total 115712K, used 85147K [0x00000006c0000000, 0x00000007c0000000)
  region size 1024K, 63 young (64512K), 5 survivors (5120K)
 Metaspace       used 47923K, capacity 49287K, committed 49360K, reserved 1091584K
  class space    used 6185K, capacity 6720K, committed 6784K, reserved 1048576K
}
Event: 2.437 GC heap after
{Heap after GC invocations=19 (full 0):
 garbage-first heap   total 115712K, used 29423K [0x00000006c0000000, 0x00000007c0000000)
  region size 1024K, 7 young (7168K), 7 survivors (7168K)
 Metaspace       used 47923K, capacity 49287K, committed 49360K, reserved 1091584K
  class space    used 6185K, capacity 6720K, committed 6784K, reserved 1048576K
}
Event: 2.492 GC heap before
{Heap before GC invocations=19 (full 0):
 garbage-first heap   total 115712K, used 87791K [0x00000006c0000000, 0x00000007c0000000)
  region size 1024K, 64 young (65536K), 7 survivors (7168K)
 Metaspace       used 48146K, capacity 49479K, committed 49616K, reserved 1091584K
  class space    used 6205K, capacity 6720K, committed 6784K, reserved 1048576K
}
Event: 2.498 GC heap after
{Heap after GC invocations=20 (full 0):
 garbage-first heap   total 115712K, used 30968K [0x00000006c0000000, 0x00000007c0000000)
  region size 1024K, 5 young (5120K), 5 survivors (5120K)
 Metaspace       used 48146K, capacity 49479K, committed 49616K, reserved 1091584K
  class space    used 6205K, capacity 6720K, committed 6784K, reserved 1048576K
}
Event: 3.070 GC heap before
{Heap before GC invocations=20 (full 0):
 garbage-first heap   total 115712K, used 89336K [0x00000006c0000000, 0x00000007c0000000)
  region size 1024K, 62 young (63488K), 5 survivors (5120K)
 Metaspace       used 52766K, capacity 54191K, committed 54352K, reserved 1095680K
  class space    used 6830K, capacity 7403K, committed 7424K, reserved 1048576K
}
Event: 3.075 GC heap after
{Heap after GC invocations=21 (full 0):
 garbage-first heap   total 161792K, used 31919K [0x00000006c0000000, 0x00000007c0000000)
  region size 1024K, 6 young (6144K), 6 survivors (6144K)
 Metaspace       used 52766K, capacity 54191K, committed 54352K, reserved 1095680K
  class space    used 6830K, capacity 7403K, committed 7424K, reserved 1048576K
}
Event: 3.446 GC heap before
{Heap before GC invocations=21 (full 0):
 garbage-first heap   total 161792K, used 113839K [0x00000006c0000000, 0x00000007c0000000)
  region size 1024K, 87 young (89088K), 6 survivors (6144K)
 Metaspace       used 58696K, capacity 60251K, committed 60304K, reserved 1101824K
  class space    used 7703K, capacity 8308K, committed 8320K, reserved 1048576K
}
Event: 3.450 GC heap after
{Heap after GC invocations=22 (full 0):
 garbage-first heap   total 161792K, used 35961K [0x00000006c0000000, 0x00000007c0000000)
  region size 1024K, 10 young (10240K), 10 survivors (10240K)
 Metaspace       used 58696K, capacity 60251K, committed 60304K, reserved 1101824K
  class space    used 7703K, capacity 8308K, committed 8320K, reserved 1048576K
}
Event: 10.152 GC heap before
{Heap before GC invocations=23 (full 0):
 garbage-first heap   total 137216K, used 107641K [0x00000006c0000000, 0x00000007c0000000)
  region size 1024K, 80 young (81920K), 10 survivors (10240K)
 Metaspace       used 64149K, capacity 65878K, committed 66000K, reserved 1105920K
  class space    used 8396K, capacity 9071K, committed 9152K, reserved 1048576K
}
Event: 10.157 GC heap after
{Heap after GC invocations=24 (full 0):
 garbage-first heap   total 137216K, used 38671K [0x00000006c0000000, 0x00000007c0000000)
  region size 1024K, 8 young (8192K), 8 survivors (8192K)
 Metaspace       used 64149K, capacity 65878K, committed 66000K, reserved 1105920K
  class space    used 8396K, capacity 9071K, committed 9152K, reserved 1048576K
}

