# JRE version: OpenJDK Runtime Environment Zulu13.44+13-CA (13.0.9+3) (build 13.0.9+3-MTS)
# Java VM: OpenJDK 64-Bit Server VM Zulu13.44+13-CA (13.0.9+3-MTS, mixed mode, tiered, compressed oops, g1 gc, bsd-aarch64)
Heap:
 garbage-first heap   total 61440K, used 19153K [0x00000006c0000000, 0x00000007c0000000)
  region size 1024K, 6 young (6144K), 4 survivors (4096K)
 Metaspace       used 37155K, capacity 38117K, committed 38448K, reserved 1083392K
  class space    used 4745K, capacity 5129K, committed 5248K, reserved 1048576K
GC Heap History (16 events):
Event: 0.328 GC heap before
{Heap before GC invocations=0 (full 0):
 garbage-first heap   total 262144K, used 23552K [0x00000006c0000000, 0x00000007c0000000)
  region size 1024K, 24 young (24576K), 0 survivors (0K)
 Metaspace       used 11327K, capacity 11603K, committed 11904K, reserved 1060864K
  class space    used 1173K, capacity 1287K, committed 1408K, reserved 1048576K
}
Event: 0.332 GC heap after
{Heap after GC invocations=1 (full 0):
 garbage-first heap   total 262144K, used 8104K [0x00000006c0000000, 0x00000007c0000000)
  region size 1024K, 3 young (3072K), 3 survivors (3072K)
 Metaspace       used 11327K, capacity 11603K, committed 11904K, reserved 1060864K
  class space    used 1173K, capacity 1287K, committed 1408K, reserved 1048576K
}
Event: 0.659 GC heap before
{Heap before GC invocations=1 (full 0):
 garbage-first heap   total 262144K, used 71592K [0x00000006c0000000, 0x00000007c0000000)
  region size 1024K, 66 young (67584K), 3 survivors (3072K)
 Metaspace       used 20631K, capacity 21107K, committed 21296K, reserved 1069056K
  class space    used 2405K, capacity 2574K, committed 2688K, reserved 1048576K
}
Event: 0.664 GC heap after
{Heap after GC invocations=2 (full 0):
 garbage-first heap   total 262144K, used 11049K [0x00000006c0000000, 0x00000007c0000000)
  region size 1024K, 6 young (6144K), 6 survivors (6144K)
 Metaspace       used 20631K, capacity 21107K, committed 21296K, reserved 1069056K
  class space    used 2405K, capacity 2574K, committed 2688K, reserved 1048576K
}
Event: 0.759 GC heap before
{Heap before GC invocations=3 (full 0):
 garbage-first heap   total 40960K, used 40745K [0x00000006c0000000, 0x00000007c0000000)
  region size 1024K, 35 young (35840K), 6 survivors (6144K)
 Metaspace       used 23259K, capacity 23795K, committed 23984K, reserved 1071104K
  class space    used 2795K, capacity 3007K, committed 3072K, reserved 1048576K
}
Event: 0.761 GC heap after
{Heap after GC invocations=4 (full 0):
 garbage-first heap   total 49152K, used 12224K [0x00000006c0000000, 0x00000007c0000000)
  region size 1024K, 5 young (5120K), 5 survivors (5120K)
 Metaspace       used 23259K, capacity 23795K, committed 23984K, reserved 1071104K
  class space    used 2795K, capacity 3007K, committed 3072K, reserved 1048576K
}
Event: 0.794 GC heap before
{Heap before GC invocations=4 (full 0):
 garbage-first heap   total 49152K, used 30656K [0x00000006c0000000, 0x00000007c0000000)
  region size 1024K, 24 young (24576K), 5 survivors (5120K)
 Metaspace       used 24584K, capacity 25175K, committed 25520K, reserved 1071104K
  class space    used 2999K, capacity 3228K, committed 3328K, reserved 1048576K
}
Event: 0.796 GC heap after
{Heap after GC invocations=5 (full 0):
 garbage-first heap   total 49152K, used 12632K [0x00000006c0000000, 0x00000007c0000000)
  region size 1024K, 2 young (2048K), 2 survivors (2048K)
 Metaspace       used 24584K, capacity 25175K, committed 25520K, reserved 1071104K
  class space    used 2999K, capacity 3228K, committed 3328K, reserved 1048576K
}
Event: 0.820 GC heap before
{Heap before GC invocations=5 (full 0):
 garbage-first heap   total 49152K, used 34136K [0x00000006c0000000, 0x00000007c0000000)
  region size 1024K, 23 young (23552K), 2 survivors (2048K)
 Metaspace       used 25677K, capacity 26305K, committed 26416K, reserved 1073152K
  class space    used 3203K, capacity 3434K, committed 3456K, reserved 1048576K
}
Event: 0.821 GC heap after
{Heap after GC invocations=6 (full 0):
 garbage-first heap   total 155648K, used 12770K [0x00000006c0000000, 0x00000007c0000000)
  region size 1024K, 2 young (2048K), 2 survivors (2048K)
 Metaspace       used 25677K, capacity 26305K, committed 26416K, reserved 1073152K
  class space    used 3203K, capacity 3434K, committed 3456K, reserved 1048576K
}
Event: 0.953 GC heap before
{Heap before GC invocations=6 (full 0):
 garbage-first heap   total 155648K, used 83426K [0x00000006c0000000, 0x00000007c0000000)
  region size 1024K, 72 young (73728K), 2 survivors (2048K)
 Metaspace       used 31185K, capacity 31864K, committed 32304K, reserved 1077248K
  class space    used 3847K, capacity 4115K, committed 4224K, reserved 1048576K
}
Event: 0.954 GC heap after
{Heap after GC invocations=7 (full 0):
 garbage-first heap   total 155648K, used 14814K [0x00000006c0000000, 0x00000007c0000000)
  region size 1024K, 4 young (4096K), 4 survivors (4096K)
 Metaspace       used 31185K, capacity 31864K, committed 32304K, reserved 1077248K
  class space    used 3847K, capacity 4115K, committed 4224K, reserved 1048576K
}
Event: 1.170 GC heap before
{Heap before GC invocations=7 (full 0):
 garbage-first heap   total 155648K, used 82398K [0x00000006c0000000, 0x00000007c0000000)
  region size 1024K, 71 young (72704K), 4 survivors (4096K)
 Metaspace       used 34984K, capacity 35768K, committed 35888K, reserved 1081344K
  class space    used 4393K, capacity 4713K, committed 4736K, reserved 1048576K
}
Event: 1.175 GC heap after
{Heap after GC invocations=8 (full 0):
 garbage-first heap   total 155648K, used 16838K [0x00000006c0000000, 0x00000007c0000000)
  region size 1024K, 6 young (6144K), 6 survivors (6144K)
 Metaspace       used 34984K, capacity 35768K, committed 35888K, reserved 1081344K
  class space    used 4393K, capacity 4713K, committed 4736K, reserved 1048576K
}
Event: 1.307 GC heap before
{Heap before GC invocations=9 (full 0):
 garbage-first heap   total 61440K, used 47558K [0x00000006c0000000, 0x00000007c0000000)
  region size 1024K, 36 young (36864K), 6 survivors (6144K)
 Metaspace       used 36825K, capacity 37780K, committed 38064K, reserved 1083392K
  class space    used 4699K, capacity 5060K, committed 5120K, reserved 1048576K
}
Event: 1.311 GC heap after
{Heap after GC invocations=10 (full 0):
 garbage-first heap   total 61440K, used 18129K [0x00000006c0000000, 0x00000007c0000000)
  region size 1024K, 4 young (4096K), 4 survivors (4096K)
 Metaspace       used 36825K, capacity 37780K, committed 38064K, reserved 1083392K
  class space    used 4699K, capacity 5060K, committed 5120K, reserved 1048576K
}

