# JRE version: OpenJDK Runtime Environment Zulu13.44+13-CA (13.0.9+3) (build 13.0.9+3-MTS)
# Java VM: OpenJDK 64-Bit Server VM Zulu13.44+13-CA (13.0.9+3-MTS, mixed mode, tiered, compressed oops, g1 gc, bsd-aarch64)
Heap:
 garbage-first heap   total 98304K, used 75612K [0x00000006c0000000, 0x00000007c0000000)
  region size 1024K, 32 young (32768K), 5 survivors (5120K)
 Metaspace       used 85280K, capacity 87619K, committed 87856K, reserved 1124352K
  class space    used 11237K, capacity 12160K, committed 12256K, reserved 1048576K
GC Heap History (20 events):
Event: 9.132 GC heap before
{Heap before GC invocations=17 (full 0):
 garbage-first heap   total 98304K, used 73785K [0x00000006c0000000, 0x00000007c0000000)
  region size 1024K, 47 young (48128K), 3 survivors (3072K)
 Metaspace       used 57184K, capacity 58641K, committed 58896K, reserved 1099776K
  class space    used 7426K, capacity 8022K, committed 8032K, reserved 1048576K
}
Event: 9.135 GC heap after
{Heap after GC invocations=18 (full 0):
 garbage-first heap   total 98304K, used 29460K [0x00000006c0000000, 0x00000007c0000000)
  region size 1024K, 4 young (4096K), 4 survivors (4096K)
 Metaspace       used 57184K, capacity 58641K, committed 58896K, reserved 1099776K
  class space    used 7426K, capacity 8022K, committed 8032K, reserved 1048576K
}
Event: 9.166 GC heap before
{Heap before GC invocations=18 (full 0):
 garbage-first heap   total 98304K, used 75540K [0x00000006c0000000, 0x00000007c0000000)
  region size 1024K, 49 young (50176K), 4 survivors (4096K)
 Metaspace       used 57294K, capacity 58807K, committed 59024K, reserved 1099776K
  class space    used 7443K, capacity 8055K, committed 8160K, reserved 1048576K
}
Event: 9.170 GC heap after
{Heap after GC invocations=19 (full 0):
 garbage-first heap   total 98304K, used 30895K [0x00000006c0000000, 0x00000007c0000000)
  region size 1024K, 4 young (4096K), 4 survivors (4096K)
 Metaspace       used 57294K, capacity 58807K, committed 59024K, reserved 1099776K
  class space    used 7443K, capacity 8055K, committed 8160K, reserved 1048576K
}
Event: 9.452 GC heap before
{Heap before GC invocations=19 (full 0):
 garbage-first heap   total 98304K, used 56495K [0x00000006c0000000, 0x00000007c0000000)
  region size 1024K, 30 young (30720K), 4 survivors (4096K)
 Metaspace       used 58775K, capacity 60250K, committed 60400K, reserved 1101824K
  class space    used 7647K, capacity 8260K, committed 8288K, reserved 1048576K
}
Event: 9.459 GC heap after
{Heap after GC invocations=20 (full 0):
 garbage-first heap   total 98304K, used 31557K [0x00000006c0000000, 0x00000007c0000000)
  region size 1024K, 5 young (5120K), 5 survivors (5120K)
 Metaspace       used 58775K, capacity 60250K, committed 60400K, reserved 1101824K
  class space    used 7647K, capacity 8260K, committed 8288K, reserved 1048576K
}
Event: 9.667 GC heap before
{Heap before GC invocations=21 (full 0):
 garbage-first heap   total 98304K, used 76613K [0x00000006c0000000, 0x00000007c0000000)
  region size 1024K, 49 young (50176K), 5 survivors (5120K)
 Metaspace       used 63547K, capacity 65103K, committed 65200K, reserved 1105920K
  class space    used 8328K, capacity 8967K, committed 9056K, reserved 1048576K
}
Event: 9.671 GC heap after
{Heap after GC invocations=22 (full 0):
 garbage-first heap   total 98304K, used 32878K [0x00000006c0000000, 0x00000007c0000000)
  region size 1024K, 5 young (5120K), 5 survivors (5120K)
 Metaspace       used 63547K, capacity 65103K, committed 65200K, reserved 1105920K
  class space    used 8328K, capacity 8967K, committed 9056K, reserved 1048576K
}
Event: 9.866 GC heap before
{Heap before GC invocations=23 (full 0):
 garbage-first heap   total 98304K, used 77934K [0x00000006c0000000, 0x00000007c0000000)
  region size 1024K, 49 young (50176K), 5 survivors (5120K)
 Metaspace       used 66793K, capacity 68512K, committed 68656K, reserved 1107968K
  class space    used 8719K, capacity 9387K, committed 9440K, reserved 1048576K
}
Event: 9.869 GC heap after
{Heap after GC invocations=24 (full 0):
 garbage-first heap   total 98304K, used 36346K [0x00000006c0000000, 0x00000007c0000000)
  region size 1024K, 7 young (7168K), 7 survivors (7168K)
 Metaspace       used 66793K, capacity 68512K, committed 68656K, reserved 1107968K
  class space    used 8719K, capacity 9387K, committed 9440K, reserved 1048576K
}
Event: 10.081 GC heap before
{Heap before GC invocations=24 (full 0):
 garbage-first heap   total 98304K, used 78330K [0x00000006c0000000, 0x00000007c0000000)
  region size 1024K, 48 young (49152K), 7 survivors (7168K)
 Metaspace       used 69715K, capacity 71561K, committed 71728K, reserved 1112064K
  class space    used 9142K, capacity 9890K, committed 9952K, reserved 1048576K
}
Event: 10.084 GC heap after
{Heap after GC invocations=25 (full 0):
 garbage-first heap   total 98304K, used 38447K [0x00000006c0000000, 0x00000007c0000000)
  region size 1024K, 3 young (3072K), 3 survivors (3072K)
 Metaspace       used 69715K, capacity 71561K, committed 71728K, reserved 1112064K
  class space    used 9142K, capacity 9890K, committed 9952K, reserved 1048576K
}
Event: 10.285 GC heap before
{Heap before GC invocations=25 (full 0):
 garbage-first heap   total 98304K, used 78383K [0x00000006c0000000, 0x00000007c0000000)
  region size 1024K, 42 young (43008K), 3 survivors (3072K)
 Metaspace       used 72241K, capacity 74193K, committed 74544K, reserved 1114112K
  class space    used 9563K, capacity 10341K, committed 10464K, reserved 1048576K
}
Event: 10.288 GC heap after
{Heap after GC invocations=26 (full 0):
 garbage-first heap   total 98304K, used 41015K [0x00000006c0000000, 0x00000007c0000000)
  region size 1024K, 5 young (5120K), 5 survivors (5120K)
 Metaspace       used 72241K, capacity 74193K, committed 74544K, reserved 1114112K
  class space    used 9563K, capacity 10341K, committed 10464K, reserved 1048576K
}
Event: 11.109 GC heap before
{Heap before GC invocations=26 (full 0):
 garbage-first heap   total 98304K, used 77879K [0x00000006c0000000, 0x00000007c0000000)
  region size 1024K, 42 young (43008K), 5 survivors (5120K)
 Metaspace       used 76246K, capacity 78332K, committed 78640K, reserved 1118208K
  class space    used 10050K, capacity 10903K, committed 10976K, reserved 1048576K
}
Event: 11.113 GC heap after
{Heap after GC invocations=27 (full 0):
 garbage-first heap   total 98304K, used 42877K [0x00000006c0000000, 0x00000007c0000000)
  region size 1024K, 5 young (5120K), 5 survivors (5120K)
 Metaspace       used 76246K, capacity 78332K, committed 78640K, reserved 1118208K
  class space    used 10050K, capacity 10903K, committed 10976K, reserved 1048576K
}
Event: 18.309 GC heap before
{Heap before GC invocations=27 (full 0):
 garbage-first heap   total 98304K, used 78717K [0x00000006c0000000, 0x00000007c0000000)
  region size 1024K, 41 young (41984K), 5 survivors (5120K)
 Metaspace       used 80953K, capacity 83205K, committed 83376K, reserved 1122304K
  class space    used 10680K, capacity 11563K, committed 11616K, reserved 1048576K
}
Event: 18.313 GC heap after
{Heap after GC invocations=28 (full 0):
 garbage-first heap   total 98304K, used 45587K [0x00000006c0000000, 0x00000007c0000000)
  region size 1024K, 5 young (5120K), 5 survivors (5120K)
 Metaspace       used 80953K, capacity 83205K, committed 83376K, reserved 1122304K
  class space    used 10680K, capacity 11563K, committed 11616K, reserved 1048576K
}
Event: 18.467 GC heap before
{Heap before GC invocations=28 (full 0):
 garbage-first heap   total 98304K, used 78355K [0x00000006c0000000, 0x00000007c0000000)
  region size 1024K, 38 young (38912K), 5 survivors (5120K)
 Metaspace       used 82757K, capacity 85036K, committed 85168K, reserved 1122304K
  class space    used 10936K, capacity 11832K, committed 11872K, reserved 1048576K
}
Event: 18.470 GC heap after
{Heap after GC invocations=29 (full 0):
 garbage-first heap   total 98304K, used 48988K [0x00000006c0000000, 0x00000007c0000000)
  region size 1024K, 5 young (5120K), 5 survivors (5120K)
 Metaspace       used 82757K, capacity 85036K, committed 85168K, reserved 1122304K
  class space    used 10936K, capacity 11832K, committed 11872K, reserved 1048576K
}

